2025-04-28T16:25:48.514+02:00  INFO 23536 --- [main] com.warehouse.WarehouseQrApplication     : Starting WarehouseQrApplication using Java 17.0.12 with PID 23536 (D:\WareHouse\WarehouseQR\target\classes started by olek1 in D:\WareHouse\WarehouseQR)
2025-04-28T16:25:48.522+02:00  INFO 23536 --- [main] com.warehouse.WarehouseQrApplication     : No active profile set, falling back to 1 default profile: "default"
2025-04-28T16:25:48.971+02:00  INFO 23536 --- [main] .s.d.r.c.RepositoryConfigurationDelegate : Bootstrapping Spring Data JPA repositories in DEFAULT mode.
2025-04-28T16:25:49.009+02:00  INFO 23536 --- [main] .s.d.r.c.RepositoryConfigurationDelegate : Finished Spring Data repository scanning in 31 ms. Found 2 JPA repository interfaces.
2025-04-28T16:25:49.333+02:00  INFO 23536 --- [main] o.s.b.w.embedded.tomcat.TomcatWebServer  : Tomcat initialized with port 8080 (http)
2025-04-28T16:25:49.342+02:00  INFO 23536 --- [main] o.apache.catalina.core.StandardService   : Starting service [Tomcat]
2025-04-28T16:25:49.342+02:00  INFO 23536 --- [main] o.apache.catalina.core.StandardEngine    : Starting Servlet engine: [Apache Tomcat/10.1.30]
2025-04-28T16:25:49.385+02:00  INFO 23536 --- [main] o.a.c.c.C.[Tomcat].[localhost].[/]       : Initializing Spring embedded WebApplicationContext
2025-04-28T16:25:49.385+02:00  INFO 23536 --- [main] w.s.c.ServletWebServerApplicationContext : Root WebApplicationContext: initialization completed in 832 ms
2025-04-28T16:25:49.489+02:00  INFO 23536 --- [main] o.hibernate.jpa.internal.util.LogHelper  : HHH000204: Processing PersistenceUnitInfo [name: default]
2025-04-28T16:25:49.537+02:00  INFO 23536 --- [main] org.hibernate.Version                    : HHH000412: Hibernate ORM core version 6.5.3.Final
2025-04-28T16:25:49.570+02:00  INFO 23536 --- [main] o.h.c.internal.RegionFactoryInitiator    : HHH000026: Second-level cache disabled
2025-04-28T16:25:49.784+02:00  INFO 23536 --- [main] o.s.o.j.p.SpringPersistenceUnitInfo      : No LoadTimeWeaver setup: ignoring JPA class transformer
2025-04-28T16:25:49.809+02:00  INFO 23536 --- [main] com.zaxxer.hikari.HikariDataSource       : HikariPool-1 - Starting...
2025-04-28T16:25:49.873+02:00  INFO 23536 --- [main] com.zaxxer.hikari.pool.HikariPool        : HikariPool-1 - Added connection org.postgresql.jdbc.PgConnection@2ccc9681
2025-04-28T16:25:49.874+02:00  INFO 23536 --- [main] com.zaxxer.hikari.HikariDataSource       : HikariPool-1 - Start completed.
2025-04-28T16:25:49.899+02:00  WARN 23536 --- [main] org.hibernate.orm.deprecation            : HHH90000025: PostgreSQLDialect does not need to be specified explicitly using 'hibernate.dialect' (remove the property setting and it will be selected by default)
2025-04-28T16:25:50.460+02:00  INFO 23536 --- [main] o.h.e.t.j.p.i.JtaPlatformInitiator       : HHH000489: No JTA platform available (set 'hibernate.transaction.jta.platform' to enable JTA platform integration)
2025-04-28T16:25:50.493+02:00  INFO 23536 --- [main] j.LocalContainerEntityManagerFactoryBean : Initialized JPA EntityManagerFactory for persistence unit 'default'
2025-04-28T16:25:50.736+02:00  WARN 23536 --- [main] JpaBaseConfiguration$JpaWebConfiguration : spring.jpa.open-in-view is enabled by default. Therefore, database queries may be performed during view rendering. Explicitly configure spring.jpa.open-in-view to disable this warning
2025-04-28T16:25:50.747+02:00  WARN 23536 --- [main] .s.s.UserDetailsServiceAutoConfiguration : 

Using generated security password: 0e62e1fe-a28b-46ed-841f-54f6f5fa482f

This generated password is for development use only. Your security configuration must be updated before running your application in production.

2025-04-28T16:25:50.794+02:00  INFO 23536 --- [main] r$InitializeUserDetailsManagerConfigurer : Global AuthenticationManager configured with UserDetailsService bean with name inMemoryUserDetailsManager
2025-04-28T16:25:50.968+02:00 DEBUG 23536 --- [main] o.s.s.web.DefaultSecurityFilterChain     : Will secure any request with filters: DisableEncodeUrlFilter, WebAsyncManagerIntegrationFilter, SecurityContextHolderFilter, HeaderWriterFilter, LogoutFilter, RequestCacheAwareFilter, SecurityContextHolderAwareRequestFilter, AnonymousAuthenticationFilter, SessionManagementFilter, ExceptionTranslationFilter, AuthorizationFilter
2025-04-28T16:25:51.113+02:00  INFO 23536 --- [main] o.s.b.w.embedded.tomcat.TomcatWebServer  : Tomcat started on port 8080 (http) with context path '/'
2025-04-28T16:25:51.119+02:00  INFO 23536 --- [main] com.warehouse.WarehouseQrApplication     : Started WarehouseQrApplication in 2.869 seconds (process running for 12.012)
2025-04-28T16:33:54.114+02:00  INFO 23536 --- [SpringApplicationShutdownHook] j.LocalContainerEntityManagerFactoryBean : Closing JPA EntityManagerFactory for persistence unit 'default'
2025-04-28T16:33:54.116+02:00  INFO 23536 --- [SpringApplicationShutdownHook] com.zaxxer.hikari.HikariDataSource       : HikariPool-1 - Shutdown initiated...
2025-04-28T16:33:54.119+02:00  INFO 23536 --- [SpringApplicationShutdownHook] com.zaxxer.hikari.HikariDataSource       : HikariPool-1 - Shutdown completed.
